<?xml version="1.0" encoding="UTF-8"?>
<!-- Generated by org.testng.reporters.JUnitReportReporter -->
<testsuite skipped="0" hostname="sylviadeMBP" name="com.heliqin.ciautotest.Case.TestCase" tests="1" failures="0" timestamp="2020-04-02T19:12:33 CST" time="0.003" errors="0">
  <testcase name="isParanmeter" time="0.003" classname="com.heliqin.ciautotest.Case.TestCase"/>
  <system-out/>
</testsuite> <!-- com.heliqin.ciautotest.Case.TestCase -->
